# JRE version: Java(TM) SE Runtime Environment (8.0_192-b12) (build 1.8.0_192-b12)
# Java VM: Java HotSpot(TM) 64-Bit Server VM (25.192-b12 mixed mode windows-amd64 compressed oops)
Heap:
 PSYoungGen      total 204288K, used 81930K [0x00000000d6200000, 0x00000000e5380000, 0x0000000100000000)
  eden space 187392K, 34% used [0x00000000d6200000,0x00000000da185f68,0x00000000e1900000)
  from space 16896K, 99% used [0x00000000e2f80000,0x00000000e3ffcc90,0x00000000e4000000)
  to   space 23040K, 0% used [0x00000000e1900000,0x00000000e1900000,0x00000000e2f80000)
 ParOldGen       total 71168K, used 32919K [0x0000000082600000, 0x0000000086b80000, 0x00000000d6200000)
  object space 71168K, 46% used [0x0000000082600000,0x0000000084625d08,0x0000000086b80000)
 Metaspace       used 23992K, capacity 24532K, committed 24752K, reserved 1071104K
  class space    used 2782K, capacity 2935K, committed 2992K, reserved 1048576K
GC Heap History (10 events):
Event: 3.480 GC heap before
{Heap before GC invocations=5 (full 0):
 PSYoungGen      total 70656K, used 70648K [0x00000000d6200000, 0x00000000dac00000, 0x0000000100000000)
  eden space 65536K, 100% used [0x00000000d6200000,0x00000000da200000,0x00000000da200000)
  from space 5120K, 99% used [0x00000000da700000,0x00000000dabfe050,0x00000000dac00000)
  to   space 5120K, 0% used [0x00000000da200000,0x00000000da200000,0x00000000da700000)
 ParOldGen       total 86016K, used 8453K [0x0000000082600000, 0x0000000087a00000, 0x00000000d6200000)
  object space 86016K, 9% used [0x0000000082600000,0x0000000082e41610,0x0000000087a00000)
 Metaspace       used 17533K, capacity 18060K, committed 18304K, reserved 1064960K
  class space    used 2031K, capacity 2160K, committed 2176K, reserved 1048576K
Event: 3.492 GC heap after
Heap after GC invocations=5 (full 0):
 PSYoungGen      total 70656K, used 5096K [0x00000000d6200000, 0x00000000df700000, 0x0000000100000000)
  eden space 65536K, 0% used [0x00000000d6200000,0x00000000d6200000,0x00000000da200000)
  from space 5120K, 99% used [0x00000000da200000,0x00000000da6fa020,0x00000000da700000)
  to   space 10752K, 0% used [0x00000000dec80000,0x00000000dec80000,0x00000000df700000)
 ParOldGen       total 86016K, used 12913K [0x0000000082600000, 0x0000000087a00000, 0x00000000d6200000)
  object space 86016K, 15% used [0x0000000082600000,0x000000008329c738,0x0000000087a00000)
 Metaspace       used 17533K, capacity 18060K, committed 18304K, reserved 1064960K
  class space    used 2031K, capacity 2160K, committed 2176K, reserved 1048576K
}
Event: 3.920 GC heap before
{Heap before GC invocations=6 (full 0):
 PSYoungGen      total 70656K, used 36520K [0x00000000d6200000, 0x00000000df700000, 0x0000000100000000)
  eden space 65536K, 47% used [0x00000000d6200000,0x00000000d80b0208,0x00000000da200000)
  from space 5120K, 99% used [0x00000000da200000,0x00000000da6fa020,0x00000000da700000)
  to   space 10752K, 0% used [0x00000000dec80000,0x00000000dec80000,0x00000000df700000)
 ParOldGen       total 86016K, used 12913K [0x0000000082600000, 0x0000000087a00000, 0x00000000d6200000)
  object space 86016K, 15% used [0x0000000082600000,0x000000008329c738,0x0000000087a00000)
 Metaspace       used 20763K, capacity 21264K, committed 21296K, reserved 1069056K
  class space    used 2431K, capacity 2592K, committed 2608K, reserved 1048576K
Event: 3.933 GC heap after
Heap after GC invocations=6 (full 0):
 PSYoungGen      total 141824K, used 8999K [0x00000000d6200000, 0x00000000df700000, 0x0000000100000000)
  eden space 131072K, 0% used [0x00000000d6200000,0x00000000d6200000,0x00000000de200000)
  from space 10752K, 83% used [0x00000000dec80000,0x00000000df549d10,0x00000000df700000)
  to   space 10752K, 0% used [0x00000000de200000,0x00000000de200000,0x00000000dec80000)
 ParOldGen       total 86016K, used 12921K [0x0000000082600000, 0x0000000087a00000, 0x00000000d6200000)
  object space 86016K, 15% used [0x0000000082600000,0x000000008329e738,0x0000000087a00000)
 Metaspace       used 20763K, capacity 21264K, committed 21296K, reserved 1069056K
  class space    used 2431K, capacity 2592K, committed 2608K, reserved 1048576K
}
Event: 3.933 GC heap before
{Heap before GC invocations=7 (full 1):
 PSYoungGen      total 141824K, used 8999K [0x00000000d6200000, 0x00000000df700000, 0x0000000100000000)
  eden space 131072K, 0% used [0x00000000d6200000,0x00000000d6200000,0x00000000de200000)
  from space 10752K, 83% used [0x00000000dec80000,0x00000000df549d10,0x00000000df700000)
  to   space 10752K, 0% used [0x00000000de200000,0x00000000de200000,0x00000000dec80000)
 ParOldGen       total 86016K, used 12921K [0x0000000082600000, 0x0000000087a00000, 0x00000000d6200000)
  object space 86016K, 15% used [0x0000000082600000,0x000000008329e738,0x0000000087a00000)
 Metaspace       used 20763K, capacity 21264K, committed 21296K, reserved 1069056K
  class space    used 2431K, capacity 2592K, committed 2608K, reserved 1048576K
Event: 4.040 GC heap after
Heap after GC invocations=7 (full 1):
 PSYoungGen      total 141824K, used 0K [0x00000000d6200000, 0x00000000df700000, 0x0000000100000000)
  eden space 131072K, 0% used [0x00000000d6200000,0x00000000d6200000,0x00000000de200000)
  from space 10752K, 0% used [0x00000000dec80000,0x00000000dec80000,0x00000000df700000)
  to   space 10752K, 0% used [0x00000000de200000,0x00000000de200000,0x00000000dec80000)
 ParOldGen       total 71168K, used 14871K [0x0000000082600000, 0x0000000086b80000, 0x00000000d6200000)
  object space 71168K, 20% used [0x0000000082600000,0x0000000083485ef8,0x0000000086b80000)
 Metaspace       used 20763K, capacity 21264K, committed 21296K, reserved 1069056K
  class space    used 2431K, capacity 2592K, committed 2608K, reserved 1048576K
}
Event: 5.073 GC heap before
{Heap before GC invocations=8 (full 1):
 PSYoungGen      total 141824K, used 131072K [0x00000000d6200000, 0x00000000df700000, 0x0000000100000000)
  eden space 131072K, 100% used [0x00000000d6200000,0x00000000de200000,0x00000000de200000)
  from space 10752K, 0% used [0x00000000dec80000,0x00000000dec80000,0x00000000df700000)
  to   space 10752K, 0% used [0x00000000de200000,0x00000000de200000,0x00000000dec80000)
 ParOldGen       total 71168K, used 14871K [0x0000000082600000, 0x0000000086b80000, 0x00000000d6200000)
  object space 71168K, 20% used [0x0000000082600000,0x0000000083485ef8,0x0000000086b80000)
 Metaspace       used 23967K, capacity 24500K, committed 24752K, reserved 1071104K
  class space    used 2779K, capacity 2903K, committed 2992K, reserved 1048576K
Event: 5.104 GC heap after
Heap after GC invocations=8 (full 1):
 PSYoungGen      total 141824K, used 10749K [0x00000000d6200000, 0x00000000e4000000, 0x0000000100000000)
  eden space 131072K, 0% used [0x00000000d6200000,0x00000000d6200000,0x00000000de200000)
  from space 10752K, 99% used [0x00000000de200000,0x00000000dec7f630,0x00000000dec80000)
  to   space 16896K, 0% used [0x00000000e2f80000,0x00000000e2f80000,0x00000000e4000000)
 ParOldGen       total 71168K, used 24501K [0x0000000082600000, 0x0000000086b80000, 0x00000000d6200000)
  object space 71168K, 34% used [0x0000000082600000,0x0000000083ded7d0,0x0000000086b80000)
 Metaspace       used 23967K, capacity 24500K, committed 24752K, reserved 1071104K
  class space    used 2779K, capacity 2903K, committed 2992K, reserved 1048576K
}
Event: 5.757 GC heap before
{Heap before GC invocations=9 (full 1):
 PSYoungGen      total 141824K, used 141821K [0x00000000d6200000, 0x00000000e4000000, 0x0000000100000000)
  eden space 131072K, 100% used [0x00000000d6200000,0x00000000de200000,0x00000000de200000)
  from space 10752K, 99% used [0x00000000de200000,0x00000000dec7f630,0x00000000dec80000)
  to   space 16896K, 0% used [0x00000000e2f80000,0x00000000e2f80000,0x00000000e4000000)
 ParOldGen       total 71168K, used 24501K [0x0000000082600000, 0x0000000086b80000, 0x00000000d6200000)
  object space 71168K, 34% used [0x0000000082600000,0x0000000083ded7d0,0x0000000086b80000)
 Metaspace       used 23992K, capacity 24532K, committed 24752K, reserved 1071104K
  class space    used 2782K, capacity 2935K, committed 2992K, reserved 1048576K
Event: 5.790 GC heap after
Heap after GC invocations=9 (full 1):
 PSYoungGen      total 204288K, used 16883K [0x00000000d6200000, 0x00000000e5380000, 0x0000000100000000)
  eden space 187392K, 0% used [0x00000000d6200000,0x00000000d6200000,0x00000000e1900000)
  from space 16896K, 99% used [0x00000000e2f80000,0x00000000e3ffcc90,0x00000000e4000000)
  to   space 23040K, 0% used [0x00000000e1900000,0x00000000e1900000,0x00000000e2f80000)
 ParOldGen       total 71168K, used 32919K [0x0000000082600000, 0x0000000086b80000, 0x00000000d6200000)
  object space 71168K, 46% used [0x0000000082600000,0x0000000084625d08,0x0000000086b80000)
 Metaspace       used 23992K, capacity 24532K, committed 24752K, reserved 1071104K
  class space    used 2782K, capacity 2935K, committed 2992K, reserved 1048576K
}

