# JRE version: Java(TM) SE Runtime Environment (8.0_192-b12) (build 1.8.0_192-b12)
# Java VM: Java HotSpot(TM) 64-Bit Server VM (25.192-b12 mixed mode windows-amd64 compressed oops)
Heap:
 PSYoungGen      total 294400K, used 54511K [0x00000000d6200000, 0x00000000eb880000, 0x0000000100000000)
  eden space 262656K, 20% used [0x00000000d6200000,0x00000000d973bce0,0x00000000e6280000)
  from space 31744K, 0% used [0x00000000e8900000,0x00000000e8900000,0x00000000ea800000)
  to   space 39424K, 0% used [0x00000000e6280000,0x00000000e6280000,0x00000000e8900000)
 ParOldGen       total 132096K, used 37268K [0x0000000082600000, 0x000000008a700000, 0x00000000d6200000)
  object space 132096K, 28% used [0x0000000082600000,0x0000000084a65178,0x000000008a700000)
 Metaspace       used 41157K, capacity 42400K, committed 42620K, reserved 1087488K
  class space    used 4898K, capacity 5144K, committed 5244K, reserved 1048576K
GC Heap History (10 events):
Event: 4.344 GC heap before
{Heap before GC invocations=11 (full 1):
 PSYoungGen      total 216064K, used 216057K [0x00000000d6200000, 0x00000000ea800000, 0x0000000100000000)
  eden space 193536K, 100% used [0x00000000d6200000,0x00000000e1f00000,0x00000000e1f00000)
  from space 22528K, 99% used [0x00000000e1f00000,0x00000000e34fe598,0x00000000e3500000)
  to   space 31744K, 0% used [0x00000000e8900000,0x00000000e8900000,0x00000000ea800000)
 ParOldGen       total 68096K, used 46949K [0x0000000082600000, 0x0000000086880000, 0x00000000d6200000)
  object space 68096K, 68% used [0x0000000082600000,0x00000000853d95b0,0x0000000086880000)
 Metaspace       used 23836K, capacity 24354K, committed 24496K, reserved 1071104K
  class space    used 2786K, capacity 2937K, committed 2992K, reserved 1048576K
Event: 4.367 GC heap after
Heap after GC invocations=11 (full 1):
 PSYoungGen      total 294400K, used 31727K [0x00000000d6200000, 0x00000000eb880000, 0x0000000100000000)
  eden space 262656K, 0% used [0x00000000d6200000,0x00000000d6200000,0x00000000e6280000)
  from space 31744K, 99% used [0x00000000e8900000,0x00000000ea7fbe88,0x00000000ea800000)
  to   space 39424K, 0% used [0x00000000e6280000,0x00000000e6280000,0x00000000e8900000)
 ParOldGen       total 68096K, used 55568K [0x0000000082600000, 0x0000000086880000, 0x00000000d6200000)
  object space 68096K, 81% used [0x0000000082600000,0x0000000085c441a8,0x0000000086880000)
 Metaspace       used 23836K, capacity 24354K, committed 24496K, reserved 1071104K
  class space    used 2786K, capacity 2937K, committed 2992K, reserved 1048576K
}
Event: 4.367 GC heap before
{Heap before GC invocations=12 (full 2):
 PSYoungGen      total 294400K, used 31727K [0x00000000d6200000, 0x00000000eb880000, 0x0000000100000000)
  eden space 262656K, 0% used [0x00000000d6200000,0x00000000d6200000,0x00000000e6280000)
  from space 31744K, 99% used [0x00000000e8900000,0x00000000ea7fbe88,0x00000000ea800000)
  to   space 39424K, 0% used [0x00000000e6280000,0x00000000e6280000,0x00000000e8900000)
 ParOldGen       total 68096K, used 55568K [0x0000000082600000, 0x0000000086880000, 0x00000000d6200000)
  object space 68096K, 81% used [0x0000000082600000,0x0000000085c441a8,0x0000000086880000)
 Metaspace       used 23836K, capacity 24354K, committed 24496K, reserved 1071104K
  class space    used 2786K, capacity 2937K, committed 2992K, reserved 1048576K
Event: 4.413 GC heap after
Heap after GC invocations=12 (full 2):
 PSYoungGen      total 294400K, used 0K [0x00000000d6200000, 0x00000000eb880000, 0x0000000100000000)
  eden space 262656K, 0% used [0x00000000d6200000,0x00000000d6200000,0x00000000e6280000)
  from space 31744K, 0% used [0x00000000e8900000,0x00000000e8900000,0x00000000ea800000)
  to   space 39424K, 0% used [0x00000000e6280000,0x00000000e6280000,0x00000000e8900000)
 ParOldGen       total 68096K, used 51546K [0x0000000082600000, 0x0000000086880000, 0x00000000d6200000)
  object space 68096K, 75% used [0x0000000082600000,0x0000000085856a20,0x0000000086880000)
 Metaspace       used 23836K, capacity 24354K, committed 24496K, reserved 1071104K
  class space    used 2786K, capacity 2937K, committed 2992K, reserved 1048576K
}
Event: 5.377 GC heap before
{Heap before GC invocations=13 (full 2):
 PSYoungGen      total 294400K, used 262656K [0x00000000d6200000, 0x00000000eb880000, 0x0000000100000000)
  eden space 262656K, 100% used [0x00000000d6200000,0x00000000e6280000,0x00000000e6280000)
  from space 31744K, 0% used [0x00000000e8900000,0x00000000e8900000,0x00000000ea800000)
  to   space 39424K, 0% used [0x00000000e6280000,0x00000000e6280000,0x00000000e8900000)
 ParOldGen       total 68096K, used 51546K [0x0000000082600000, 0x0000000086880000, 0x00000000d6200000)
  object space 68096K, 75% used [0x0000000082600000,0x0000000085856a20,0x0000000086880000)
 Metaspace       used 34210K, capacity 34874K, committed 35248K, reserved 1081344K
  class space    used 4078K, capacity 4267K, committed 4272K, reserved 1048576K
Event: 5.401 GC heap after
Heap after GC invocations=13 (full 2):
 PSYoungGen      total 302080K, used 34967K [0x00000000d6200000, 0x00000000eb880000, 0x0000000100000000)
  eden space 262656K, 0% used [0x00000000d6200000,0x00000000d6200000,0x00000000e6280000)
  from space 39424K, 88% used [0x00000000e6280000,0x00000000e84a5fd0,0x00000000e8900000)
  to   space 31744K, 0% used [0x00000000e8900000,0x00000000e8900000,0x00000000ea800000)
 ParOldGen       total 68096K, used 51562K [0x0000000082600000, 0x0000000086880000, 0x00000000d6200000)
  object space 68096K, 75% used [0x0000000082600000,0x000000008585aa20,0x0000000086880000)
 Metaspace       used 34210K, capacity 34874K, committed 35248K, reserved 1081344K
  class space    used 4078K, capacity 4267K, committed 4272K, reserved 1048576K
}
Event: 15.053 GC heap before
{Heap before GC invocations=14 (full 2):
 PSYoungGen      total 302080K, used 264033K [0x00000000d6200000, 0x00000000eb880000, 0x0000000100000000)
  eden space 262656K, 87% used [0x00000000d6200000,0x00000000e41b2600,0x00000000e6280000)
  from space 39424K, 88% used [0x00000000e6280000,0x00000000e84a5fd0,0x00000000e8900000)
  to   space 31744K, 0% used [0x00000000e8900000,0x00000000e8900000,0x00000000ea800000)
 ParOldGen       total 68096K, used 51562K [0x0000000082600000, 0x0000000086880000, 0x00000000d6200000)
  object space 68096K, 75% used [0x0000000082600000,0x000000008585aa20,0x0000000086880000)
 Metaspace       used 39859K, capacity 40512K, committed 40828K, reserved 1085440K
  class space    used 4727K, capacity 4920K, committed 4988K, reserved 1048576K
Event: 15.067 GC heap after
Heap after GC invocations=14 (full 2):
 PSYoungGen      total 294400K, used 11183K [0x00000000d6200000, 0x00000000eb880000, 0x0000000100000000)
  eden space 262656K, 0% used [0x00000000d6200000,0x00000000d6200000,0x00000000e6280000)
  from space 31744K, 35% used [0x00000000e8900000,0x00000000e93ebd00,0x00000000ea800000)
  to   space 39424K, 0% used [0x00000000e6280000,0x00000000e6280000,0x00000000e8900000)
 ParOldGen       total 68096K, used 62750K [0x0000000082600000, 0x0000000086880000, 0x00000000d6200000)
  object space 68096K, 92% used [0x0000000082600000,0x0000000086347b10,0x0000000086880000)
 Metaspace       used 39859K, capacity 40512K, committed 40828K, reserved 1085440K
  class space    used 4727K, capacity 4920K, committed 4988K, reserved 1048576K
}
Event: 15.067 GC heap before
{Heap before GC invocations=15 (full 3):
 PSYoungGen      total 294400K, used 11183K [0x00000000d6200000, 0x00000000eb880000, 0x0000000100000000)
  eden space 262656K, 0% used [0x00000000d6200000,0x00000000d6200000,0x00000000e6280000)
  from space 31744K, 35% used [0x00000000e8900000,0x00000000e93ebd00,0x00000000ea800000)
  to   space 39424K, 0% used [0x00000000e6280000,0x00000000e6280000,0x00000000e8900000)
 ParOldGen       total 68096K, used 62750K [0x0000000082600000, 0x0000000086880000, 0x00000000d6200000)
  object space 68096K, 92% used [0x0000000082600000,0x0000000086347b10,0x0000000086880000)
 Metaspace       used 39859K, capacity 40512K, committed 40828K, reserved 1085440K
  class space    used 4727K, capacity 4920K, committed 4988K, reserved 1048576K
Event: 15.168 GC heap after
Heap after GC invocations=15 (full 3):
 PSYoungGen      total 294400K, used 0K [0x00000000d6200000, 0x00000000eb880000, 0x0000000100000000)
  eden space 262656K, 0% used [0x00000000d6200000,0x00000000d6200000,0x00000000e6280000)
  from space 31744K, 0% used [0x00000000e8900000,0x00000000e8900000,0x00000000ea800000)
  to   space 39424K, 0% used [0x00000000e6280000,0x00000000e6280000,0x00000000e8900000)
 ParOldGen       total 132096K, used 37268K [0x0000000082600000, 0x000000008a700000, 0x00000000d6200000)
  object space 132096K, 28% used [0x0000000082600000,0x0000000084a65178,0x000000008a700000)
 Metaspace       used 39859K, capacity 40512K, committed 40828K, reserved 1085440K
  class space    used 4727K, capacity 4920K, committed 4988K, reserved 1048576K
}

