# JRE version: Java(TM) SE Runtime Environment (8.0_192-b12) (build 1.8.0_192-b12)
# Java VM: Java HotSpot(TM) 64-Bit Server VM (25.192-b12 mixed mode windows-amd64 compressed oops)
Heap:
 PSYoungGen      total 305152K, used 260945K [0x00000000d6200000, 0x00000000ec900000, 0x0000000100000000)
  eden space 272896K, 95% used [0x00000000d6200000,0x00000000e60d45c0,0x00000000e6c80000)
  from space 32256K, 0% used [0x00000000e9480000,0x00000000e9480000,0x00000000eb400000)
  to   space 40960K, 0% used [0x00000000e6c80000,0x00000000e6c80000,0x00000000e9480000)
 ParOldGen       total 138240K, used 53086K [0x0000000082600000, 0x000000008ad00000, 0x00000000d6200000)
  object space 138240K, 38% used [0x0000000082600000,0x00000000859d7b98,0x000000008ad00000)
 Metaspace       used 35212K, capacity 35866K, committed 36144K, reserved 1081344K
  class space    used 4170K, capacity 4363K, committed 4400K, reserved 1048576K
GC Heap History (10 events):
Event: 3.751 GC heap before
{Heap before GC invocations=8 (full 1):
 PSYoungGen      total 141824K, used 131072K [0x00000000d6200000, 0x00000000df700000, 0x0000000100000000)
  eden space 131072K, 100% used [0x00000000d6200000,0x00000000de200000,0x00000000de200000)
  from space 10752K, 0% used [0x00000000dec80000,0x00000000dec80000,0x00000000df700000)
  to   space 10752K, 0% used [0x00000000de200000,0x00000000de200000,0x00000000dec80000)
 ParOldGen       total 68608K, used 14893K [0x0000000082600000, 0x0000000086900000, 0x00000000d6200000)
  object space 68608K, 21% used [0x0000000082600000,0x000000008348b560,0x0000000086900000)
 Metaspace       used 23915K, capacity 24532K, committed 24752K, reserved 1071104K
  class space    used 2780K, capacity 2935K, committed 2992K, reserved 1048576K
Event: 3.774 GC heap after
Heap after GC invocations=8 (full 1):
 PSYoungGen      total 141824K, used 10739K [0x00000000d6200000, 0x00000000e4b00000, 0x0000000100000000)
  eden space 131072K, 0% used [0x00000000d6200000,0x00000000d6200000,0x00000000de200000)
  from space 10752K, 99% used [0x00000000de200000,0x00000000dec7cf38,0x00000000dec80000)
  to   space 16896K, 0% used [0x00000000e3a80000,0x00000000e3a80000,0x00000000e4b00000)
 ParOldGen       total 68608K, used 24334K [0x0000000082600000, 0x0000000086900000, 0x00000000d6200000)
  object space 68608K, 35% used [0x0000000082600000,0x0000000083dc3b10,0x0000000086900000)
 Metaspace       used 23915K, capacity 24532K, committed 24752K, reserved 1071104K
  class space    used 2780K, capacity 2935K, committed 2992K, reserved 1048576K
}
Event: 4.242 GC heap before
{Heap before GC invocations=9 (full 1):
 PSYoungGen      total 141824K, used 141811K [0x00000000d6200000, 0x00000000e4b00000, 0x0000000100000000)
  eden space 131072K, 100% used [0x00000000d6200000,0x00000000de200000,0x00000000de200000)
  from space 10752K, 99% used [0x00000000de200000,0x00000000dec7cf38,0x00000000dec80000)
  to   space 16896K, 0% used [0x00000000e3a80000,0x00000000e3a80000,0x00000000e4b00000)
 ParOldGen       total 68608K, used 24334K [0x0000000082600000, 0x0000000086900000, 0x00000000d6200000)
  object space 68608K, 35% used [0x0000000082600000,0x0000000083dc3b10,0x0000000086900000)
 Metaspace       used 23918K, capacity 24532K, committed 24752K, reserved 1071104K
  class space    used 2780K, capacity 2935K, committed 2992K, reserved 1048576K
Event: 4.266 GC heap after
Heap after GC invocations=9 (full 1):
 PSYoungGen      total 215552K, used 16881K [0x00000000d6200000, 0x00000000e6100000, 0x0000000100000000)
  eden space 198656K, 0% used [0x00000000d6200000,0x00000000d6200000,0x00000000e2400000)
  from space 16896K, 99% used [0x00000000e3a80000,0x00000000e4afc658,0x00000000e4b00000)
  to   space 23040K, 0% used [0x00000000e2400000,0x00000000e2400000,0x00000000e3a80000)
 ParOldGen       total 68608K, used 33255K [0x0000000082600000, 0x0000000086900000, 0x00000000d6200000)
  object space 68608K, 48% used [0x0000000082600000,0x0000000084679fe0,0x0000000086900000)
 Metaspace       used 23918K, capacity 24532K, committed 24752K, reserved 1071104K
  class space    used 2780K, capacity 2935K, committed 2992K, reserved 1048576K
}
Event: 4.800 GC heap before
{Heap before GC invocations=10 (full 1):
 PSYoungGen      total 215552K, used 215537K [0x00000000d6200000, 0x00000000e6100000, 0x0000000100000000)
  eden space 198656K, 100% used [0x00000000d6200000,0x00000000e2400000,0x00000000e2400000)
  from space 16896K, 99% used [0x00000000e3a80000,0x00000000e4afc658,0x00000000e4b00000)
  to   space 23040K, 0% used [0x00000000e2400000,0x00000000e2400000,0x00000000e3a80000)
 ParOldGen       total 68608K, used 33255K [0x0000000082600000, 0x0000000086900000, 0x00000000d6200000)
  object space 68608K, 48% used [0x0000000082600000,0x0000000084679fe0,0x0000000086900000)
 Metaspace       used 23920K, capacity 24532K, committed 24752K, reserved 1071104K
  class space    used 2780K, capacity 2935K, committed 2992K, reserved 1048576K
Event: 4.831 GC heap after
Heap after GC invocations=10 (full 1):
 PSYoungGen      total 221696K, used 23020K [0x00000000d6200000, 0x00000000eb400000, 0x0000000100000000)
  eden space 198656K, 0% used [0x00000000d6200000,0x00000000d6200000,0x00000000e2400000)
  from space 23040K, 99% used [0x00000000e2400000,0x00000000e3a7b370,0x00000000e3a80000)
  to   space 32256K, 0% used [0x00000000e9480000,0x00000000e9480000,0x00000000eb400000)
 ParOldGen       total 68608K, used 47680K [0x0000000082600000, 0x0000000086900000, 0x00000000d6200000)
  object space 68608K, 69% used [0x0000000082600000,0x0000000085490050,0x0000000086900000)
 Metaspace       used 23920K, capacity 24532K, committed 24752K, reserved 1071104K
  class space    used 2780K, capacity 2935K, committed 2992K, reserved 1048576K
}
Event: 5.424 GC heap before
{Heap before GC invocations=11 (full 1):
 PSYoungGen      total 221696K, used 221676K [0x00000000d6200000, 0x00000000eb400000, 0x0000000100000000)
  eden space 198656K, 100% used [0x00000000d6200000,0x00000000e2400000,0x00000000e2400000)
  from space 23040K, 99% used [0x00000000e2400000,0x00000000e3a7b370,0x00000000e3a80000)
  to   space 32256K, 0% used [0x00000000e9480000,0x00000000e9480000,0x00000000eb400000)
 ParOldGen       total 68608K, used 47680K [0x0000000082600000, 0x0000000086900000, 0x00000000d6200000)
  object space 68608K, 69% used [0x0000000082600000,0x0000000085490050,0x0000000086900000)
 Metaspace       used 23943K, capacity 24536K, committed 24752K, reserved 1071104K
  class space    used 2783K, capacity 2935K, committed 2992K, reserved 1048576K
Event: 5.461 GC heap after
Heap after GC invocations=11 (full 1):
 PSYoungGen      total 305152K, used 32248K [0x00000000d6200000, 0x00000000ec900000, 0x0000000100000000)
  eden space 272896K, 0% used [0x00000000d6200000,0x00000000d6200000,0x00000000e6c80000)
  from space 32256K, 99% used [0x00000000e9480000,0x00000000eb3fe358,0x00000000eb400000)
  to   space 40960K, 0% used [0x00000000e6c80000,0x00000000e6c80000,0x00000000e9480000)
 ParOldGen       total 68608K, used 57663K [0x0000000082600000, 0x0000000086900000, 0x00000000d6200000)
  object space 68608K, 84% used [0x0000000082600000,0x0000000085e4fc48,0x0000000086900000)
 Metaspace       used 23943K, capacity 24536K, committed 24752K, reserved 1071104K
  class space    used 2783K, capacity 2935K, committed 2992K, reserved 1048576K
}
Event: 5.461 GC heap before
{Heap before GC invocations=12 (full 2):
 PSYoungGen      total 305152K, used 32248K [0x00000000d6200000, 0x00000000ec900000, 0x0000000100000000)
  eden space 272896K, 0% used [0x00000000d6200000,0x00000000d6200000,0x00000000e6c80000)
  from space 32256K, 99% used [0x00000000e9480000,0x00000000eb3fe358,0x00000000eb400000)
  to   space 40960K, 0% used [0x00000000e6c80000,0x00000000e6c80000,0x00000000e9480000)
 ParOldGen       total 68608K, used 57663K [0x0000000082600000, 0x0000000086900000, 0x00000000d6200000)
  object space 68608K, 84% used [0x0000000082600000,0x0000000085e4fc48,0x0000000086900000)
 Metaspace       used 23943K, capacity 24536K, committed 24752K, reserved 1071104K
  class space    used 2783K, capacity 2935K, committed 2992K, reserved 1048576K
Event: 5.596 GC heap after
Heap after GC invocations=12 (full 2):
 PSYoungGen      total 305152K, used 0K [0x00000000d6200000, 0x00000000ec900000, 0x0000000100000000)
  eden space 272896K, 0% used [0x00000000d6200000,0x00000000d6200000,0x00000000e6c80000)
  from space 32256K, 0% used [0x00000000e9480000,0x00000000e9480000,0x00000000eb400000)
  to   space 40960K, 0% used [0x00000000e6c80000,0x00000000e6c80000,0x00000000e9480000)
 ParOldGen       total 138240K, used 53086K [0x0000000082600000, 0x000000008ad00000, 0x00000000d6200000)
  object space 138240K, 38% used [0x0000000082600000,0x00000000859d7b98,0x000000008ad00000)
 Metaspace       used 23943K, capacity 24536K, committed 24752K, reserved 1071104K
  class space    used 2783K, capacity 2935K, committed 2992K, reserved 1048576K
}

