# JRE version: Java(TM) SE Runtime Environment (8.0_192-b12) (build 1.8.0_192-b12)
# Java VM: Java HotSpot(TM) 64-Bit Server VM (25.192-b12 mixed mode windows-amd64 compressed oops)
Heap:
 PSYoungGen      total 213504K, used 59503K [0x00000000d6200000, 0x00000000e9c00000, 0x0000000100000000)
  eden space 190464K, 19% used [0x00000000d6200000,0x00000000d859d720,0x00000000e1c00000)
  from space 23040K, 99% used [0x00000000e1c00000,0x00000000e327e8b8,0x00000000e3280000)
  to   space 31744K, 0% used [0x00000000e7d00000,0x00000000e7d00000,0x00000000e9c00000)
 ParOldGen       total 69120K, used 47374K [0x0000000082600000, 0x0000000086980000, 0x00000000d6200000)
  object space 69120K, 68% used [0x0000000082600000,0x0000000085443918,0x0000000086980000)
 Metaspace       used 23859K, capacity 24446K, committed 24752K, reserved 1071104K
  class space    used 2788K, capacity 2969K, committed 2992K, reserved 1048576K
GC Heap History (10 events):
Event: 2.267 GC heap before
{Heap before GC invocations=6 (full 0):
 PSYoungGen      total 70656K, used 36517K [0x00000000d6200000, 0x00000000df600000, 0x0000000100000000)
  eden space 65536K, 47% used [0x00000000d6200000,0x00000000d80af3d8,0x00000000da200000)
  from space 5120K, 99% used [0x00000000da200000,0x00000000da6fa040,0x00000000da700000)
  to   space 10240K, 0% used [0x00000000dec00000,0x00000000dec00000,0x00000000df600000)
 ParOldGen       total 86016K, used 12439K [0x0000000082600000, 0x0000000087a00000, 0x00000000d6200000)
  object space 86016K, 14% used [0x0000000082600000,0x0000000083225c50,0x0000000087a00000)
 Metaspace       used 20756K, capacity 21264K, committed 21296K, reserved 1069056K
  class space    used 2453K, capacity 2592K, committed 2608K, reserved 1048576K
Event: 2.279 GC heap after
Heap after GC invocations=6 (full 0):
 PSYoungGen      total 140800K, used 9092K [0x00000000d6200000, 0x00000000df700000, 0x0000000100000000)
  eden space 130560K, 0% used [0x00000000d6200000,0x00000000d6200000,0x00000000de180000)
  from space 10240K, 88% used [0x00000000dec00000,0x00000000df4e1300,0x00000000df600000)
  to   space 10752K, 0% used [0x00000000de180000,0x00000000de180000,0x00000000dec00000)
 ParOldGen       total 86016K, used 12447K [0x0000000082600000, 0x0000000087a00000, 0x00000000d6200000)
  object space 86016K, 14% used [0x0000000082600000,0x0000000083227c50,0x0000000087a00000)
 Metaspace       used 20756K, capacity 21264K, committed 21296K, reserved 1069056K
  class space    used 2453K, capacity 2592K, committed 2608K, reserved 1048576K
}
Event: 2.279 GC heap before
{Heap before GC invocations=7 (full 1):
 PSYoungGen      total 140800K, used 9092K [0x00000000d6200000, 0x00000000df700000, 0x0000000100000000)
  eden space 130560K, 0% used [0x00000000d6200000,0x00000000d6200000,0x00000000de180000)
  from space 10240K, 88% used [0x00000000dec00000,0x00000000df4e1300,0x00000000df600000)
  to   space 10752K, 0% used [0x00000000de180000,0x00000000de180000,0x00000000dec00000)
 ParOldGen       total 86016K, used 12447K [0x0000000082600000, 0x0000000087a00000, 0x00000000d6200000)
  object space 86016K, 14% used [0x0000000082600000,0x0000000083227c50,0x0000000087a00000)
 Metaspace       used 20756K, capacity 21264K, committed 21296K, reserved 1069056K
  class space    used 2453K, capacity 2592K, committed 2608K, reserved 1048576K
Event: 2.326 GC heap after
Heap after GC invocations=7 (full 1):
 PSYoungGen      total 140800K, used 0K [0x00000000d6200000, 0x00000000df700000, 0x0000000100000000)
  eden space 130560K, 0% used [0x00000000d6200000,0x00000000d6200000,0x00000000de180000)
  from space 10240K, 0% used [0x00000000dec00000,0x00000000dec00000,0x00000000df600000)
  to   space 10752K, 0% used [0x00000000de180000,0x00000000de180000,0x00000000dec00000)
 ParOldGen       total 69120K, used 15005K [0x0000000082600000, 0x0000000086980000, 0x00000000d6200000)
  object space 69120K, 21% used [0x0000000082600000,0x00000000834a74f8,0x0000000086980000)
 Metaspace       used 20756K, capacity 21264K, committed 21296K, reserved 1069056K
  class space    used 2453K, capacity 2592K, committed 2608K, reserved 1048576K
}
Event: 2.866 GC heap before
{Heap before GC invocations=8 (full 1):
 PSYoungGen      total 140800K, used 130560K [0x00000000d6200000, 0x00000000df700000, 0x0000000100000000)
  eden space 130560K, 100% used [0x00000000d6200000,0x00000000de180000,0x00000000de180000)
  from space 10240K, 0% used [0x00000000dec00000,0x00000000dec00000,0x00000000df600000)
  to   space 10752K, 0% used [0x00000000de180000,0x00000000de180000,0x00000000dec00000)
 ParOldGen       total 69120K, used 15005K [0x0000000082600000, 0x0000000086980000, 0x00000000d6200000)
  object space 69120K, 21% used [0x0000000082600000,0x00000000834a74f8,0x0000000086980000)
 Metaspace       used 23809K, capacity 24372K, committed 24752K, reserved 1071104K
  class space    used 2780K, capacity 2903K, committed 2992K, reserved 1048576K
Event: 2.877 GC heap after
Heap after GC invocations=8 (full 1):
 PSYoungGen      total 141312K, used 10726K [0x00000000d6200000, 0x00000000e4280000, 0x0000000100000000)
  eden space 130560K, 0% used [0x00000000d6200000,0x00000000d6200000,0x00000000de180000)
  from space 10752K, 99% used [0x00000000de180000,0x00000000debf99c8,0x00000000dec00000)
  to   space 16384K, 0% used [0x00000000e3280000,0x00000000e3280000,0x00000000e4280000)
 ParOldGen       total 69120K, used 24312K [0x0000000082600000, 0x0000000086980000, 0x00000000d6200000)
  object space 69120K, 35% used [0x0000000082600000,0x0000000083dbe2e0,0x0000000086980000)
 Metaspace       used 23809K, capacity 24372K, committed 24752K, reserved 1071104K
  class space    used 2780K, capacity 2903K, committed 2992K, reserved 1048576K
}
Event: 3.206 GC heap before
{Heap before GC invocations=9 (full 1):
 PSYoungGen      total 141312K, used 141286K [0x00000000d6200000, 0x00000000e4280000, 0x0000000100000000)
  eden space 130560K, 100% used [0x00000000d6200000,0x00000000de180000,0x00000000de180000)
  from space 10752K, 99% used [0x00000000de180000,0x00000000debf99c8,0x00000000dec00000)
  to   space 16384K, 0% used [0x00000000e3280000,0x00000000e3280000,0x00000000e4280000)
 ParOldGen       total 69120K, used 24312K [0x0000000082600000, 0x0000000086980000, 0x00000000d6200000)
  object space 69120K, 35% used [0x0000000082600000,0x0000000083dbe2e0,0x0000000086980000)
 Metaspace       used 23835K, capacity 24414K, committed 24752K, reserved 1071104K
  class space    used 2784K, capacity 2937K, committed 2992K, reserved 1048576K
Event: 3.220 GC heap after
Heap after GC invocations=9 (full 1):
 PSYoungGen      total 206848K, used 16376K [0x00000000d6200000, 0x00000000e5680000, 0x0000000100000000)
  eden space 190464K, 0% used [0x00000000d6200000,0x00000000d6200000,0x00000000e1c00000)
  from space 16384K, 99% used [0x00000000e3280000,0x00000000e427e108,0x00000000e4280000)
  to   space 23040K, 0% used [0x00000000e1c00000,0x00000000e1c00000,0x00000000e3280000)
 ParOldGen       total 69120K, used 33626K [0x0000000082600000, 0x0000000086980000, 0x00000000d6200000)
  object space 69120K, 48% used [0x0000000082600000,0x00000000846d6a68,0x0000000086980000)
 Metaspace       used 23835K, capacity 24414K, committed 24752K, reserved 1071104K
  class space    used 2784K, capacity 2937K, committed 2992K, reserved 1048576K
}
Event: 3.711 GC heap before
{Heap before GC invocations=10 (full 1):
 PSYoungGen      total 206848K, used 206840K [0x00000000d6200000, 0x00000000e5680000, 0x0000000100000000)
  eden space 190464K, 100% used [0x00000000d6200000,0x00000000e1c00000,0x00000000e1c00000)
  from space 16384K, 99% used [0x00000000e3280000,0x00000000e427e108,0x00000000e4280000)
  to   space 23040K, 0% used [0x00000000e1c00000,0x00000000e1c00000,0x00000000e3280000)
 ParOldGen       total 69120K, used 33626K [0x0000000082600000, 0x0000000086980000, 0x00000000d6200000)
  object space 69120K, 48% used [0x0000000082600000,0x00000000846d6a68,0x0000000086980000)
 Metaspace       used 23847K, capacity 24414K, committed 24752K, reserved 1071104K
  class space    used 2786K, capacity 2937K, committed 2992K, reserved 1048576K
Event: 3.730 GC heap after
Heap after GC invocations=10 (full 1):
 PSYoungGen      total 213504K, used 23034K [0x00000000d6200000, 0x00000000e9c00000, 0x0000000100000000)
  eden space 190464K, 0% used [0x00000000d6200000,0x00000000d6200000,0x00000000e1c00000)
  from space 23040K, 99% used [0x00000000e1c00000,0x00000000e327e8b8,0x00000000e3280000)
  to   space 31744K, 0% used [0x00000000e7d00000,0x00000000e7d00000,0x00000000e9c00000)
 ParOldGen       total 69120K, used 47374K [0x0000000082600000, 0x0000000086980000, 0x00000000d6200000)
  object space 69120K, 68% used [0x0000000082600000,0x0000000085443918,0x0000000086980000)
 Metaspace       used 23847K, capacity 24414K, committed 24752K, reserved 1071104K
  class space    used 2786K, capacity 2937K, committed 2992K, reserved 1048576K
}

